<?xml version="1.0" encoding="UTF-8"?>
<!-- Generated by org.testng.reporters.JUnitReportReporter -->
<testsuite hostname="ranga-ThinkPad-T490" failures="0" tests="1" name="testNGExamples.MyFirstTest" time="0.016" errors="0" timestamp="2022-07-21T15:34:27 CEST" skipped="0">
  <testcase classname="testNGExamples.MyFirstTest" name="f" time="0.016"/>
  <system-out/>
</testsuite> <!-- testNGExamples.MyFirstTest -->
